[    0.000000] Initializing cgroup subsys cpuset
[    0.000000] Initializnggroup susycp
  0.00000] Initializing cousubss uacc
[   .000000]Lix ersin 4.-16-neic (build@l01-am6421 (ccvesion 5.4.0 01609 Ubnt 5..0ubuntu1~16.04.9) ) #140-Ubuntu SMP Mon Feb 12 21:23:04 UTC 2018 (Ubuntu 4.4.0-116.140-generic 4.4.98)
[    0.000000] Command line: BT_AGE=/boovminuz.4.0-116-generic root=UUID=b6adc44-5e3d-4331-ba6b-e9a75fa4 rconsole=tty1 console=ttyS0
[    0.000000] KERNEL supported cpus:[    0000] Inel nuneInt
    00000]  AM AthenticAMD
[    0.000000]   Centaur CentaurHauls
[    0.000000] x86fpu: xstate_offset[2]:  576, xstate_sizes[2]:  256
[    0.0000 x86/fpu Spprtg XSE eatue x01 '87 floating point registers'
[    0.00000] x86/fpu: Supporting XSAVE feature 0x02: 'SSE registers'
[    0.000000] x86/fpu: Supporting XSAVE feature x04: 'AVX registers'
[    0.000000] x86/fpu: Enabled xstte features 0x7, context size is 832 bytes, using 'standard' format.[   000000] x86/fpu: Using 'lazy' FPU context stcs.
[  00000]820:BIOS-provided physialRAM map
[   00000] OS-e820 [m 0x000000000-0x00000009fff]usale
[    0.00000]BIOS-e20 [em 00000000c0-0x0000000009ffff] reserved
[    0.000000] BIOS-e820: [mem 0x00000000000f0000-000000000fffff] reserved
[    0.000000] BIOS-e820: [mem 0x0000000000100000-0x000000003ffefff]sale
[  000000BI-e820: [mem 0x000000003ff00000x0000000fffff] ACPI data
[    000000] BIOS-e820: [mem 000000fe000000x00000fc0ff] esve
[   00000]IO-e820[mm 0x00000fee000-x0000000ee0fff reered
[   .0000]IOS-e80:me 0x00000000ffc000-000000ffffff]reserved
[    0.0000] X (Excue isable protection: active
[   0.000000] SMBIOS 2.5 preset.
[    0000000] yperviso deteced KVM
[  0000000] e820: last_pfn = 0x3fff0 max_archfn= x40000000
[   0.000000 MTRR: Disabled
[    0.000000] x86/PAT: MTRRs disabled, skipping PAT initializationtoo.
[    0.000000] CPU MTRRs all blank - virtualized system.
[    0.000000] x86/PAT: Confguration -7]: WB  WT  UC- UC  WB  WT  UC- UC  
[    0.000000] ound SMP MP-tab at [mem 0x00ff0-x09ffff]maed at [ffff880009fff]
[  .000000] Scanning 1 areas for low memory corruption
  0.000000] RAMDISK: [mem 0x3621c000-0x375fff
[   .000000] AC: arltale checksum veriicio disbl
    .0000]AC: RSDP 000000000E0000 004 (v2 OX  )[    0.000000] ACPI: XSDT 0x0000003FF00 0003C (v01 OX VBOXXSD 000000ASL  00000061)
[    0.000000] ACP: FACP 0x00000000FFF00F0 0000F4 (v04 VBOX   VBOXFACP 00000001 ASL  00000061)
[    0.000000] ACPI: DS 0000000003FF04 0021FF (v VX   VXBOS 000000 ITL 2010028
  0.00000]CPI:ACS x0000000FFF02000004
   00000] ACPI: FACS 0x00000000FFF0200 000040
[    0.00000] CPI: APIC 0x000000003F040 00C v02 VBOX VOXAPIC 0000001 SL 000061)
[    00000] PI SS 0000000003F02A0 01 (v01 VBOX   VBOXCPUT 00000002 INTL 20100528)
[    0.000000] No NUMA configuration found
[    0.000000] Faking nde atme 0000000000000000-x0000003effff][   0.0000NO_DATA(0 aloated[mem 0xffeb0000x3feffff]
[    0.000000 kv-clo: Using msrs 4b564d01 and 4b564d00
[    0.000000] kvm-clock: cpu 0, msr 3fe3001, primary cpu clock
[    0.000000]  kvm-clock: using sched ofet of 3930860069 cycles
[    00000] cocource: kvm-clock: mask: 0xffffffffffff max_cyces: 0x1cd42e4dffb, max_idle_ns: 881590591483 ns
[    0.000000] Zon rngs:
[    0.000000]  DM      [mem 0x0000000000001000-0x0000000000ffffff]
[    0.000000]   DMA32    [mem 0x0000000001000000-0x000000003ffeffff]
[    0.000000]   Normal   empty
[    0.000000]   Device   empty
[    0.000000] Movable zoe tart for each node
[    0.000000] Early memory node ranges
[    0.000000]   node   0: [mem 0x0000000000001000-0x000000000009efff]
[   000000]  nde  0: [mem 0x0000000000100000-0x000000003ffeffff]
[    0.000000] Initmem setup node 0 [mem 00000000000001000-0x000000003ffeffff]
[    0.00000] API:PM-TierIO rt: x408
[    0.00000] IOAPI0] apic_id 2, version 32, address 0xfec00000, GSI 0-3
[    0.000000] ACPI: INT_SRC_OVR (bus0 bus_irq 0 glbal_i 2dfl dfl)
[    000000] ACPI: INT_SRC_OVR (bus 0 bus_irq 9 global_irq 9 low level)
[    00000] Using ACPI (MADT) for SMP configuration information
[    00000] mpboot: Allowin 2 CPUs, 0 hotplug CPUs
[    0.000000] PM: Registered nosave memoy: [mem 0x00000000-0x00000fff]
[    0.000000] PM: Registered nosave memory: [mem 0x0009f000-0x0009ffff]
[    0.000000] PM: Registered nosave memory: [mem 0x000a0000-0x000effff
[    0.000000] PM: Registered nosave memory: [mem 0x000f0000-0x000fffff]
[    0.000000] e820: [mm 0x4000000-00xfebffff] availabe for PCI evices
[    0.000000]Booting paravirtualized kernel on KVM
[    0.000000] clocksource: refined-jiffies: mask: 0xffffffff max_cycles: 0xffffffff, max_idle_ns: 7645519600211568 ns
[    0.000000] setup_percpu: NR_CPUS:512 nr_cpumask_bits:512 nr_cpu_ids:2 nr_node_id1
[  0.000000] PERCPU: Embedded 34 pages/cpu @fff88003fc00000 s99544 r8192 d31528 u1048576
[    0.000000] PV qspinlock hash table entries: 256 (order: 0, 4096 bytes)
[    0.000000] Built 1 zonelists in Node order, mobility grouping on. Total pages: 257913
[    0.000000] Policy zone: DMA32
    0000000] Kernel command line: BOOT_IMAGE=boot/vlinu-4.4.0-116-generic root=UUID=b6adc445e3d-4331-ba6b-6e99a75fa48e ro console=tty1 console=ttyS0
[    0.000000] PID hash able entries: 4096 (order: 3, 32768 bytes
[    0.000000] Memory: 997260K/1048120K available (8530K kernel code, 1309K rwdata, 3992K rodata, 1508K init, 1316K bss, 50860K reserved, 0K cma-reserved)
   0.000000] SLUB: HWalign=64 Oder=0-3, MinObjects=0, CPUs=2, Nodes=1
[   0.000000] Kernel/User page tbles ilation: enabled
[    0.000000] Hierarchical RCU implementation.
   0.0000] 	Build-time adjustment of leaf faout to 64.
[    0.000000] 	RCU restrcting CPUs from NR_CPUS=512 to nr_cpu_ids=2.
[    0.000000] CU: Adjusting geometry for rcu_fanout_laf=64, nr_cpu_ids=2
[    0.00000]R_IRQS:33024 nr_irqs:440 16
[    0.000000] Consol: colour A+ 825
[     0.000000] console [tty1] enabled
[    0.000000] onole[tyS] enabld
[    0.000000] tsc: Detected 2800.000 MHz processor
[   13.328441] Calibrating delay loop (skipped) preset value.. 5600.00 BogoMIPS (lpj=11200000)
[   13.368200] pid_max: default: 32768 minimum: 301
[   13.384315] ACPI: Core revision 20150930
[   13.388682] ACPI: 2 ACPI AML tables successfully acquired and loaded
[   13.398811] Security Framework initialized
[   13.400239] Yama: becoming mindful.
[   13.402108] AppArmor: AppArmor initialized
[   13.411857] Dentry cache hash table entries: 131072 (order: 8, 1048576 bytes)
[   13.419727] Inode-cache hash table entries: 65536 (order: 7, 524288 bytes)
[   13.443549] Mount-cache hash table entries: 2048 (order: 2, 16384 bytes)
[   13.465798] Mountpoint-cache hash table entries: 2048 (order: 2, 16384 bytes)
[   13.478505] Initializing cgroup subsys io
[   13.514418] Initializing cgroup subsys memory
[   13.519174] Initializing cgroup subsys devices
[   13.553592] Initializing cgroup subsys freezer
[   13.566772] Initializing cgroup subsys net_cls
[   13.601098] Initializing cgroup subsys perf_event
[   13.683874] Initializing cgroup subsys net_prio
[   13.722652] Initializing cgroup subsys hugetlb
[   13.767842] Initializing cgroup subsys pids
[   13.771695] CPU: Physical Processor ID: 0
[   13.791005] CPU: Processor Core ID: 0
[   13.905358] FEATURE SPEC_CTRL Not Present
[   14.064410] mce: CPU supports 0 MCE banks
[   14.128946] Last level iTLB entries: 4KB 1024, 2MB 1024, 4MB 1024
[   14.175798] Last level dTLB entries: 4KB 1024, 2MB 1024, 4MB 1024, 1GB 4
[   14.232977] Spectre V2 mitigation: Mitigation: Full generic retpoline
[   14.248630] Spectre V2 mitigation: Speculation control IBPB not-supported IBRS not-supported
[   14.254225] Freeing SMP alternatives memory: 32K
[   14.282982] ftrace: allocating 32186 entries in 126 pages
[   14.367087] smpboot: APIC(0) Converting physical 0 to logical package 0
[   14.383680] smpboot: Max logical packages: 1
[   14.393588] x2apic enabled
[   14.398873] Switched APIC routing to physical x2apic.
[   14.415371] ..TIMER: vector=0x30 apic1=0 pin1=2 apic2=-1 pin2=-1
[   14.593378] smpboot: CPU0: Intel(R) Core(TM) i5-4308U CPU @ 2.80GHz (family: 0x6, model: 0x45, stepping: 0x1)
[   14.648047] Performance Events: unsupported p6 CPU model 69 no PMU driver, software events only.
[   14.671283] KVM setup paravirtual spinlock
[   14.690138] x86: Booting SMP configuration:
[   14.726407] .... node  #0, CPUs:      #1
[   14.728029] kvm-clock: cpu 1, msr 0:3ffe3041, secondary cpu clock
[   14.735840] mce: CPU supports 0 MCE banks
[   14.768331] x86: Booted up 1 node, 2 CPUs
[   14.810625] smpboot: Total of 2 processors activated (11200.00 BogoMIPS)
[   14.842454] devtmpfs: initialized
[   14.906521] evm: security.selinux
[   14.945074] evm: security.SMACK64
[   14.989195] evm: security.SMACK64EXEC
[   15.022417] evm: security.SMACK64TRANSMUTE
[   15.040302] evm: security.SMACK64MMAP
[   15.094488] evm: security.ima
[   15.136441] evm: security.capability
[   15.138282] clocksource: jiffies: mask: 0xffffffff max_cycles: 0xffffffff, max_idle_ns: 7645041785100000 ns
[   15.174404] futex hash table entries: 512 (order: 3, 32768 bytes)
[   15.320350] pinctrl core: initialized pinctrl subsystem
[   15.396175] RTC time: 17:56:40, date: 03/29/18
[   15.430545] NET: Registered protocol family 16
[   15.488090] cpuidle: using governor ladder
[   15.540164] cpuidle: using governor menu
[   15.592764] PCCT header not found.
[   15.642109] ACPI: bus type PCI registered
[   15.707359] acpiphp: ACPI Hot Plug PCI Controller Driver version: 0.5
[   15.788375] PCI: Using configuration type 1 for base access
[   15.852890] ACPI: Added _OSI(Module Device)
[   15.911960] ACPI: Added _OSI(Processor Device)
[   15.995959] ACPI: Added _OSI(3.0 _SCP Extensions)
[   16.051749] ACPI: Added _OSI(Processor Aggregator Device)
[   16.124744] ACPI: Executed 1 blocks of module-level executable AML code
[   16.199836] ACPI: Interpreter enabled
[   16.263638] ACPI: (supports S0 S5)
[   16.311527] ACPI: Using IOAPIC for interrupt routing
[   16.396961] PCI: Using host bridge windows from ACPI; if necessary, use "pci=nocrs" and report a bug
[   16.466694] ACPI: PCI Root Bridge [PCI0] (domain 0000 [bus 00-ff])
[   16.542178] acpi PNP0A03:00: _OSC: OS supports [ASPM ClockPM Segments MSI]
[   16.578682] acpi PNP0A03:00: _OSC: not requesting OS control; OS requires [ExtendedConfig ASPM ClockPM MSI]
[   16.617560] acpi PNP0A03:00: fail to add MMCONFIG information, can't access extended PCI configuration space under this bridge.
[   16.689439] PCI host bridge to bus 0000:00
[   16.693950] pci_bus 0000:00: root bus resource [io  0x0000-0x0cf7 window]
[   16.721915] pci_bus 0000:00: root bus resource [io  0x0d00-0xffff window]
[   16.821102] pci_bus 0000:00: root bus resource [mem 0x000a0000-0x000bffff window]
[   16.909022] pci_bus 0000:00: root bus resource [mem 0x40000000-0xfdffffff window]
[   17.000742] pci_bus 0000:00: root bus resource [bus 00-ff]
[   17.084186] pci 0000:00:01.1: legacy IDE quirk: reg 0x10: [io  0x01f0-0x01f7]
[   17.161599] pci 0000:00:01.1: legacy IDE quirk: reg 0x14: [io  0x03f6]
[   17.250496] pci 0000:00:01.1: legacy IDE quirk: reg 0x18: [io  0x0170-0x0177]
[   17.348558] pci 0000:00:01.1: legacy IDE quirk: reg 0x1c: [io  0x0376]
[   17.451562] pci 0000:00:07.0: quirk: [io  0x4000-0x403f] claimed by PIIX4 ACPI
[   17.479745] pci 0000:00:07.0: quirk: [io  0x4100-0x410f] claimed by PIIX4 SMB
[   17.508823] ACPI: PCI Interrupt Link [LNKA] (IRQs 5 9 10 *11)
[   17.567307] ACPI: PCI Interrupt Link [LNKB] (IRQs 5 9 *10 11)
[   17.647460] ACPI: PCI Interrupt Link [LNKC] (IRQs 5 *9 10 11)
[   17.716653] ACPI: PCI Interrupt Link [LNKD] (IRQs 5 9 10 *11)
[   17.751717] ACPI: Enabled 2 GPEs in block 00 to 07
[   17.763597] vgaarb: setting as boot device: PCI:0000:00:02.0
[   17.798611] vgaarb: device added: PCI:0000:00:02.0,decodes=io+mem,owns=io+mem,locks=none
[   17.843086] vgaarb: loaded
[   17.878481] vgaarb: bridge control possible 0000:00:02.0
[   17.980884] SCSI subsystem initialized
[   18.018722] ACPI: bus type USB registered
[   18.075554] usbcore: registered new interface driver usbfs
[   18.127946] usbcore: registered new interface driver hub
[   18.140464] usbcore: registered new device driver usb
[   18.180894] PCI: Using ACPI for IRQ routing
[   18.240150] NetLabel: Initializing
[   18.266070] NetLabel:  domain hash size = 128
[   18.277937] NetLabel:  protocols = UNLABELED CIPSOv4
[   18.279598] NetLabel:  unlabeled traffic allowed by default
[   18.301763] amd_nb: Cannot enumerate AMD northbridges
[   18.335135] clocksource: Switched to clocksource kvm-clock
[   18.350871] AppArmor: AppArmor Filesystem Enabled
[   1.327] np PP CP init[  1.70070] pnp: PnP ACPI: found 3 devce
[  1.920804] closoce: acpipm: as: xfffff maxcycles 0ffff, max_idle_: 08701024 ns  19830] NET: Regstre potcol fmiy 

[   0.5533TC etalihe hshtale entres: 8192orer 4 65536 bytes)

[   20.752783]TC bndastalentris:812 orr: 5, 31072byes
   1.4224 TCP: Hashtales configurd (established812 in 8192)
[   1.136] UDP hash tblenris: 512 (rde: 2, 1684ytes)
[   22.365962] UDP-Lite hash table entries: 512 (order: 2, 16384 bytes)
[   22.374132] NET: Regiserd protocol family 1
[   22.5729] pci000:00:00.0: Limiting direct PCI/PCI transfers
[ 227032 p 00::01.0 Aivating ISA DMA hang workarounds
[   23.142015] Unpacking initramfs...

[   23.404062] Freeing initrd memory: 15272K
[   23.468263] RAPL PMU detected, API unit is 2^-32 Joules, 4 fixed counters 10737418240 ms ovfl timer
[   23.618381] hw unit of domain pp0-core 2^-0 Joules
[   23.713387] hw unit of domain package 2^-0 Joules
[   23.760604] hw unit of domain dram 2^-0 Joules
[   23.799732] hw unit of domain pp1-gpu 2^-0 Joules
[   238276plfom r_cs:egteedlaor R dvi ( PP vi fun
  248349 tsc: efedSClosocealraio 29.9 z
[  25716]losocetsc: mask: 0ffffffffffmacyes0x5cb08,maid_n 479246 
ÿ[  .6628]canig orlomeor crrutio ery0 ecds
[   25.671937] audit: initializing netlink subsys (disabled)
[   25.671953] audit: type=2000 audit(1522346198.794:1): initialized
[   25.672290] Initialise system trusted keyring
[   25.672400] HugeTLB registered 2 MB page size, pre-allocated 0 pages
[   25.673589] zbud: loaded
[   25.673831] VFS: Disk quotas dquot_6.6.0
[   25.673856] VFS: Dquot-cache hash table entries: 512 (order 0, 4096 bytes)
[   25.674051] squashfs: version 4.0 (2009/01/31) Phillip Lougher
[   25.674226] fuse init (API version 7.23)
[   25.674322] Key type big_key registered
[   25.674333] Allocating IMA MOK and blacklist keyrings.
[   25.674504] Key type asymmetric registered
[   25.674506] Asymmetric key parser 'x509' registered
[   25.674545] Block layer SCSI generic (bsg) driver version 0.4 loaded (major 249)
[   25.674571] io scheduler noop registered
[   25.674573] io scheduler deadline registered (default)
[   25.674608] io scheduler cfq registered
[   25.674727] pci_hotplug: PCI Hot Plug PCI Core version: 0.5
[   25.674734] pciehp: PCI Express Hot Plug Controller Driver version: 0.4
[   25.676476] ACPI: AC Adapter [AC] (off-line)
[   25.676547] input: Power Button as /devices/LNXSYSTM:00/LNXPWRBN:00/input/input0
[   25.676549] ACPI: Power Button [PWRF]
[   25.676681] input: Sleep Button as /devices/LNXSYSTM:00/LNXSLPBN:00/input/input1
[   25.676683] ACPI: Sleep Button [SLPF]
[   25.676914] GHES: HEST is not enabled!
[   25.677938] ACPI: Battery Slot [BAT0] (battery present)
[   25.677982] Serial: 8250/16550 driver, 32 ports, IRQ sharing enabled
[   26.926878] 00:02: ttyS0 at I/O 0x3f8 (irq = 4, base_baud = 115200) is a 16550A
[   27.667017] Linux agpgart interface v0.103
[   27.671399] loop: module loaded
[   27.671987] scsi host0: ata_piix
[   27.672040] scsi host1: ata_piix
[   27.672077] ata1: PATA max UDMA/33 cmd 0x1f0 ctl 0x3f6 bmdma 0xd000 irq 14
[   27.672079] ata2: PATA max UDMA/33 cmd 0x170 ctl 0x376 bmdma 0xd008 irq 15
[   27.672167] libphy: Fixed MDIO Bus: probed
[   27.672170] tun: Universal TUN/TAP device driver, 1.6
[   27.672170] tun: (C) 1999-2004 Max Krasnyansky <maxk@qualcomm.com>
[   27.673309] PPP generic driver version 2.4.2
[   27.673365] ehci_hcd: USB 2.0 'Enhanced' Host Controller (EHCI) Driver
[   27.673368] ehci-pci: EHCI PCI platform driver
[   27.673382] ehci-platform: EHCI generic platform driver
[   27.673389] ohci_hcd: USB 1.1 'Open' Host Controller (OHCI) Driver
[   27.673392] ohci-pci: OHCI PCI platform driver
[   27.673398] ohci-platform: OHCI generic platform driver
[   27.673404] uhci_hcd: USB Universal Host Controller Interface driver
[   27.673455] i8042: PNP: PS/2 Controller [PNP0303:PS2K,PNP0f03:PS2M] at 0x60,0x64 irq 1,12
[   27.700083] serio: i8042 KBD port at 0x60,0x64 irq 1
[   27.700089] serio: i8042 AUX port at 0x60,0x64 irq 12
[   27.700214] mousedev: PS/2 mouse device common for all mice
[   27.700533] rtc_cmos rtc_cmos: rtc core: registered rtc_cmos as rtc0
[   27.700582] rtc_cmos rtc_cmos: alarms up to one day, 114 bytes nvram
[   27.700588] i2c /dev entries driver
[   27.700639] device-mapper: uevent: version 1.0.3
[   27.700685] device-mapper: ioctl: 4.34.0-ioctl (2015-10-28) initialised: dm-devel@redhat.com
[   27.700705] ledtrig-cpu: registered to indicate activity on CPUs
[   27.700945] NET: Registered protocol family 10
[   27.701076] NET: Registered protocol family 17
[   27.701086] Key type dns_resolver registered
[   27.712190] microcode: CPU0 sig=0x40651, pf=0x40, revision=0x0
[   27.712250] microcode: CPU1 sig=0x40651, pf=0x40, revision=0x0
[   27.712302] microcode: Microcode Update Driver: v2.01 <tigran@aivazian.fsnet.co.uk>, Peter Oruba
[   27.712419] registered taskstats version 1
[   27.712431] Loading compiled-in X.509 certificates
[   27.713003] Loaded X.509 cert 'Build time autogenerated kernel key: aa84f01984fbd529c105810b59e379d349698248'
[   27.713024] zswap: loaded using pool lzo/zbud
[   27.714632] Key type trusted registered
[   27.717614] Key type encrypted registered
[   27.717619] AppArmor: AppArmor sha1 policy hashing enabled
[   27.717622] ima: No TPM chip found, activating TPM-bypass!
[   27.717637] evm: HMAC attrs: 0x1
[   27.717942]   Magic number: 10:854:947
[   27.717962] tty tty4: hash matches
[   27.717973] memory memory0: hash matches
[   27.720819] rtc_cmos rtc_cmos: setting system clock to 2018-03-29 17:56:52 UTC (1522346212)
[   27.720987] BIOS EDD facility v0.16 2004-Jun-25, 0 devices found
[   27.720988] EDD information not available.
[   27.781782] input: AT Translated Set 2 keyboard as /devices/platform/i8042/serio0/input/input2
[   30.402848] Freeing unused kernel memory: 1508K
[   30.456571] Write protecting the kernel read-only data: 14336k
[   30.486940] Freeing unused kernel memory: 1700K
[   30.536377] Freeing unused kernel memory: 104K
Loading, please wait...
starting version[   30.591998] random: systemd-udevd: uninitialized urandom read (16 bytes read, 4 bits of entropy available)
 229
[   30.592104] random: udevadm: uninitialized urandom read (16 bytes read, 4 bits of entropy available)
[   30.592307] random: udevadm: uninitialized urandom read (16 bytes read, 4 bits of entropy available)
[   30.608444] random: udevadm: uninitialized urandom read (16 bytes read, 4 bits of entropy available)
[   30.608520] random: udevadm: uninitialized urandom read (16 bytes read, 4 bits of entropy available)
[   30.608781] random: udevadm: uninitialized urandom read (16 bytes read, 4 bits of entropy available)
[   30.608875] random: udevadm: uninitialized urandom read (16 bytes read, 4 bits of entropy available)
[   30.608973] random: udevadm: uninitialized urandom read (16 bytes read, 4 bits of entropy available)
[   30.609082] random: udevadm: uninitialized urandom read (16 bytes read, 4 bits of entropy available)
[   30.609193] random: udevadm: uninitialized urandom read (16 bytes read, 4 bits of entropy available)
[   31.221316] Fusion MPT base driver 3.04.20
[   31.235994] Copyright (c) 1999-2008 LSI Corporation
[   31.259119] e1000: Intel(R) PRO/1000 Network Driver - version 7.3.21-k8-NAPI
[   31.284620] e1000: Copyright (c) 1999-2006 Intel Corporation.
[   31.293946] Fusion MPT SPI Host driver 3.04.20
[   31.322970] AVX2 version of gcm_enc/dec engaged.
[   31.358100] AES CTR mode by8 optimization enabled
[   31.517169] input: ImExPS/2 Generic Explorer Mouse as /devices/platform/i8042/serio1/input/input4
[   32.085781] e1000 0000:00:03.0 eth0: (PCI:33MHz:32-bit) 02:1f:2a:60:99:e3
[   33.538058] e1000 0000:00:03.0 eth0: Intel(R) PRO/1000 Network Connection
[   33.622368] e1000 0000:00:03.0 enp0s3: renamed from eth0
[   33.668565] mptbase: ioc0: Initiating bringup
[   33.791975] ioc0: LSI53C1030 A0: Capabilities={Initiator}
[   34.054531] scsi host2: ioc0: LSI53C1030 A0, FwRev=00000000h, Ports=1, MaxQ=256, IRQ=20
[   34.207719] scsi 2:0:0:0: Direct-Access     VBOX     HARDDISK         1.0  PQ: 0 ANSI: 5
[   34.258930] scsi target2:0:0: Beginning Domain Validation
[   34.304172] floppy0: no floppy controllers found
[   34.356434] scsi target2:0:0: Domain Validation skipping write tests
[   34.365607] scsi target2:0:0: Ending Domain Validation
[   34.384540] scsi target2:0:0: asynchronous
[   34.401984] scsi 2:0:1:0: Direct-Access     VBOX     HARDDISK         1.0  PQ: 0 ANSI: 5
[   34.512352] scsi target2:0:1: Beginning Domain Validation
[   34.526895] scsi target2:0:1: Domain Validation skipping write tests
[   34.617602] scsi target2:0:1: Ending Domain Validation
[   34.672646] scsi target2:0:1: asynchronous
[   34.722083] sd 2:0:0:0: Attached scsi generic sg0 type 0
[   34.724964] sd 2:0:0:0: [sda] 20971520 512-byte logical blocks: (10.7 GB/10.0 GiB)
[   34.729844] sd 2:0:1:0: [sdb] 20480 512-byte logical blocks: (10.5 MB/10.0 MiB)
[   34.729855] sd 2:0:1:0: Attached scsi generic sg1 type 0
[   34.732439] sd 2:0:0:0: [sda] Write Protect is off
[   34.732581] sd 2:0:0:0: [sda] Incomplete mode parameter data
[   34.732582] sd 2:0:0:0: [sda] Assuming drive cache: write through
[   34.774591]  sda: sda1
[   34.775442] sd 2:0:0:0: [sda] Attached SCSI disk
[   34.895306] sd 2:0:1:0: [sdb] Write Protect is off
[   34.912738] sd 2:0:1:0: [sdb] Incomplete mode parameter data
[   34.963119] sd 2:0:1:0: [sdb] Assuming drive cache: write through
[   35.528344] sd 2:0:1:0: [sdb] Attached SCSI disk
Begin: Loading e[   37.820476] md: linear personality registered for level -1
ssential drivers ... [   37.904804] md: multipath personality registered for level -4
[   37.975830] md: raid0 personality registered for level 0
[   38.034750] md: raid1 personality registered for level 1
[   38.183390] raid6: sse2x1   gen()  9619 MB/s
[   38.315641] raid6: sse2x1   xor()  5475 MB/s
[   38.391373] raid6: sse2x2   gen()  5734 MB/s
[   38.467445] raid6: sse2x2   xor()  5486 MB/s
[   38.575519] raid6: sse2x4   gen()  9372 MB/s
[   38.727964] raid6: sse2x4   xor()  9929 MB/s
[   38.847873] raid6: avx2x1   gen() 18528 MB/s
[   38.931388] raid6: avx2x2   gen() 21272 MB/s
[   39.027932] raid6: avx2x4   gen() 19697 MB/s
[   39.090284] raid6: using algorithm avx2x2 gen() 21272 MB/s
[   39.130412] raid6: using avx2x2 recovery algorithm
[   39.137832] xor: automatically using best checksumming function:
[   39.179147]    avx       : 20996.000 MB/sec
[   39.212266] async_tx: api initialized (async)
[   39.251293] md: raid6 personality registered for level 6
[   39.279867] md: raid5 personality registered for level 5
[   39.363177] md: raid4 personality registered for level 4
[   39.393656] md: raid10 personality registered for level 10
done.
Begin: Running /scripts/init-premount ... done.
Begin: Mounting root file system ... Begin: Running /scripts/local-top ... done.
Begin: Running /scripts/local-premount ... [   39.494465] Btrfs loaded
Scanning for Btrfs filesystems
done.
Warning: fsck no[   39.576479] EXT4-fs (sda1): INFO: recovery required on readonly filesystem
t present, so sk[   39.657950] EXT4-fs (sda1): write access will be enabled during recovery
ipping root file system
[   39.742841] EXT4-fs (sda1): orphan cleanup on readonly fs
[   40.567220] EXT4-fs (sda1): 1 orphan inode deleted
[   41.177703] EXT4-fs (sda1): recovery complete
[   41.186057] EXT4-fs (sda1): mounted filesystem with ordered data mode. Opts: (null)
done.
Begin: Running /scripts/local-bottom ... done.
Begin: Running /scripts/init-bottom ... done.
[   41.445635] systemd[1]: systemd 229 running in system mode. (+PAM +AUDIT +SELINUX +IMA +APPARMOR +SMACK +SYSVINIT +UTMP +LIBCRYPTSETUP +GCRYPT +GNUTLS +ACL +XZ -LZ4 +SECCOMP +BLKID +ELFUTILS +KMOD -IDN)
[   41.545140] systemd[1]: Detected virtualization oracle.
[   41.579638] systemd[1]: Detected architecture x86-64.

Welcome to [1mUbuntu 16.04.3 LTS[0m!

[ 41699662] systemd[1]: Set hostnme t <ubuntu-xenia>.
[   42.017762] random: nonblocking pool is initialized
[   42.217413] systemd[1]: Listening on Device-mapper event daemon FIFOs.
[[0;32m  OK  [0m] Listening on Device-mapper event daemon FIFOs.
[ 4231679] ystemd[1]: Created slice User and Session Slice.
[[0;32m  OK  [0m] Created slice User and Session Slice.
[   42.459170] systemd[1]: Listening on Journal Audit Socket.
[[0;32m  OK  [0m] Listening on Journal Audit Socket.
[   42.474276] systemd[1]: Listening on Journal Socket.
[[0;32m  OK  [0m] Listening on Journal Socket.
[   42.498059] systemd[1]: Reached target Encrypted Volumes.
[[0;32m  OK  [0m] Reached target Encrypted Volumes.
[ 425547syem1]: t p utomount Arbitar EcublFi Fmas le System Automount Poin
[[0;32m  OK  [0m] Set up automount Arbitrary Executab...ats File System Automount Point.
[ 43830]ysmd]:eaedarget User and Group Name Lookups.

[[0;32m  OK  [0m] Reached target User and Group Name Lookups.
[   44.027528] systemd[1]: Listening on Journal Socket (/dev/log).
[[0;32m  OK  [0m] Listening on Journal Socket (/dev/log).
[   44.074624] systemd[1]: Listening on Syslog Socket.
[[0;32m  OK  [0m] Listening on Syslog Socket.
[   44.098175] systemd[1]: Reached target Swap.
[[0;32m  OK  [0m] Reached target Swap.
[   44.126902] systemd[1]: Created slice System Slice.
[[0;32m  OK  [0m] Created slice System Slice.
[   44.235991] systemd[1]: Starting Journal Service...
         Starting Journal Service...
[   44.347764] systemd[1]: Starting Set console keymap...
         Starting Set console keymap...
[   44.407870] systemd[1]: Created slice system-serial\x2dgetty.slice.
[[0;32m  OK  [0m] Created slice system-serial\x2dgetty.slice.
[   44.559590] systemd[1]: Mounting POSIX Message Queue File System...
         Mounting POSIX Message Queue File System...
[   44.731323] systemd[1]: Mounting Debug File System...
         Mounting Debug File System...
[   44.803802] systemd[1]: Starting Remount Root and Kernel File Systems...
         [   44.898331] EXT4-fs (sda1): re-mounted. Opts: (null)
Starting Remount Root and Kernel File Systems...
[   44.967563] systemd[1]: Mounting Huge Pages File System...
         Mounting Huge Pages File System...
[   45.063574] systemd[1]: Starting Nameserver information manager...
         Starting Nameserver information manager...
[   45.144383] systemd[1]: Starting Create list of required static device nodes for the current kernel...
         Starting Create list of required st... nodes for the current kernel...
[   45.175025] systemd[1]: Listening on LVM2 poll daemon socket.
[[0;32m  OK  [0m] Listening on LVM2 poll daemon socket.
[   45.207711] systemd[1]: Reached target Slices.
[[0;32m  OK  [0m] Reached target Slices.
[   45.298] stemd[1]: Listening on udev Kernel Socket.

[[0;32m  OK  [0m] Listening on udev Kernel Socket.
[ 45643]ysmd]:isnig on udev Control Ske.
[[0;32m  OK  [0m] Listening on udev Control Socket.
[ 46755]syemd[1]: Listening on LVM2 metadata damon socket.
[[0;32m  OK  [0m] Listening on LVM2 metadata daemon socket.
[   46.432038] systemd[1]: Starting Monitoring of LVM2 mirrors, snapshots etc. using dmeventd or progress polling...
         Starting Monitoring of LVM2 mirrors... dmeventd or progress polling...
[   46.493786] systemd[1]: Started Trigger resolvconf update for networkd DNS.
[[0;32m  OK  [0m] Started Trigger resolvconf update for networkd DNS.
[   46.559765] systemd[1]: Starting Load Kernel Modules...
         [   46.644638] Loading iSCSI transport class v2.0-870.
Starting Load Ke[   46.709972] iscsi: registered transport (tcp)
rnel Modules...
[   46.819459] systemd[1]: Starting Uncomplicated firewall...
         [   46.865310] iscsi: registered transport (iser)
Starting Uncomplicated firewall...
[   46.923483] systemd[1]: Listening on /dev/initctl Compatibility Named Pipe.
[[0;32m  OK  [0m] Listening on /dev/initctl Compatibility Named Pipe.
[   47.079306] systemd[1]: Started Forward Password Requests to Wall Directory Wtc. [[0;32m  OK  [0m] Started Forward Password Requests to Wall Directory Watch.
[   .282] stemd[1]: Mounted Huge Pages File System.
[[0;32m  OK  [0m] Mounted Huge Pages File System.
[   47.469458] systemd[1]: Mounted Debug File System.
[[0;32m  OK  [0m] Mounted Debug File System.
[   47.495886] systmd]:outePOX ssge ue Fe stm.
[[0;32m  OK  [0m] Mounted POSIX Message Queue File System.
[  41345sytemd[1]: Started Journa Sevie.
[[0;32m  OK  [0m] Started Journal Service.
[[0;32m  OK  [0m] Started Set console keymap.
[[0;32m  OK  [0m] Started Remount Root and Kernel File Systems.
[[0;32m  OK  [0m] Started Create list of required sta...ce nodes for the current kernel.
[[0;32m  OK  [0m] Started Load Kernel Modules.
[[0;32m  OK  [0m] Started Uncomplicated firewall.
[[0;32m  OK  [0m] Started Nameserver information manager.
[[0;32m  OK  [0m] Started LVM2 metadata daemon.
         Mounting FUSE Control File System...
         Starting Apply Kernel Variables...
         Starting Create Static Device Nodes in /dev...
         Starting Initial cloud-init job (pre-networking)...
         Starting udev Coldplug all Devices...
         Starting Load/Save Random Seed...
         Starting Flush Journal to Persistent Storage...
[[0;32m  OK  [0m] Mounted FUSE Control File System.
[[0;32m  OK  [0m] Started Monitoring of LVM2 mirrors,...ng dmeventd or progress polling.
[[0;32m  OK  [0m] Started Apply Kernel Variables.
[[0;32m  OK  [0m] Started Create Static Device Nodes in /dev.
[[0;32m  OK  [0m] Started Load/Save Random Seed.
[[0;32m  OK  [0m] Started udev Coldplug all Devices.
[[0;32m  OK  [0m] Started Flush Journal to Persistent Storage.
         Starting udev Kernel Device Manager...
[[0;32m  OK  [0m] Started udev Kernel Device Manager.
[[0;32m  OK  [0m] Reached target Local File Systems (Pre).
[[0;32m  OK  [0m] Reached target Local File Systems.
         Starting LSB: AppArmor initialization...
         Starting Set console font and keymap...
         Starting Create Volatile Files and Directories...
         Starting Tell Plymouth To Write Out Runtime Data...
[[0;32m  OK  [0m] Started Dispatch Password Requests to Console Directory Watch.
[[0;32m  OK  [0m] Started Create Volatile Files and Directories.
[[0;32m  OK  [0m] Started Tell Plymouth To Write Out Runtime Data.
[[0;32m  OK  [0m] Found device /dev/ttyS0.
[[0;32m  OK  [0m] Reached target System Time Synchronized.
         Starting Update UTMP about System Boot/Shutdown...
[[0;32m  OK  [0m] Started Update UTMP about System Boot/Shutdown.
[[0;32m  OK  [0m] Started LSB: AppArmor initialization.
[[0;32m  OK  [0m] Listening on Load/Save RF Kill Switch Status /dev/rfkill Watch.
[[0;32m  OK  [0m] Started Set console font and keymap.
[   33.174028] cloud-init[463]: Cloud-init v. 17.1 running 'init-local' at Thu, 29 Mar 2018 17:57:14 +0000. Up 32.46 seconds.
[[0;32m  OK  [0m] Started Initial cloud-init job (pre-networking).
[[0;32m  OK  [0m] Reached target Network (Pre).
         Starting Raise network interfaces...
[[0;32m  OK  [0m] Started ifup for enp0s3.
[[0;32m  OK  [0m] Created slice system-getty.slice.
[[0;32m  OK  [0m] Found device 82540EM Gigabit Ethern...r (PRO/1000 MT Desktop Adapter).
[[0;32m  OK  [0m] Started Raise network interfaces.
[[0;32m  OK  [0m] Reached target Network.
         Starting Initial cloud-init job (metadata service crawler)...
[   36.260921] cloud-init[977]: Cloud-init v. 17.1 running 'init' at Thu, 29 Mar 2018 17:57:18 +0000. Up 35.89 seconds.
[   36.352716] [cloud-init[0;32m  OK  [0m[977]: ] ci-info: +++++++++++++++++++++++++++++++++++++Net device info++++++++++++++++++++++++++++++++++++++Started Initial cloud-init job (metadata service crawler).

[   36.353648] cloud-init[977]: ci-info: +--------+------+----------------------------+---------------+-------+-------------------+
[   36.585655] [cloud-init[0;32m  OK  [0m[977]: ] ci-info: | Device |  Up  |          Address           |      Mask     | Scope |     Hw-Address    |Reached target System Initialization.

[   36.586895] cloud-init[977]: ci-info: +--------+------+----------------------------+---------------+-------+-------------------+
[   36.651387] cloud-init[977]: ci-info: | enp0s3 | True |         10.0.2.15          | 255.255.255.0 |   .   | 02:1f:2a:60:99:e3 |
[[0;32m  OK  [0m] Started Timer to automatically refresh installed snaps.
[[0;32m  OK  [0m] Listening on D-Bus System Message Bus Socket.
[   36.652469] cloud-init[977]: ci-info: | enp0s3 | True | fe80::1f:2aff:fe60:99e3/64 |       .       |  link | 02:1f:2a:60:99:e3 |
[   36.885122]          cloud-initStarting LXD - unix socket.[977]: 
ci-info: |   lo   | True |         127.0.0.1          |   255.0.0.0   |   .   |         .         |
[   37.075687] [[0;32m  OK  [0m] Listening on ACPID Listen Socket.
cloud-init[977]: ci-info: |   lo   | True |          ::1/128           |       .       |  host |         .         |
[[0;32m  OK  [0m] Listening on UUID daemon activation socket.
[   37.077332] cloud-init[977]: ci-info: +--------+------+----------------------------+---------------+-------+-------------------+
[   37.365145] [cloud-init[0;32m  OK  [0m[977]: ] ci-info: +++++++++++++++++++++++++++Route IPv4 info++++++++++++++++++++++++++++Started ACPI Events Check.

[[0;32m  OK  [0m] Reached target Paths.
         Starting Socket activation for snappy daemon.
[   37.366068] cloud-init[977]: ci-info: +-------+-------------+----------+---------------+-----------+-------+
[   37.569682] [[0;32m  OK  [0m] Started Daily Cleanup of Temporary Directories.
cloud-init[977]: ci-info: | Route | Destination | Gateway  |    Genmask    | Interface | Flags |
[[0;32m  OK  [0m] Reached target Network is Online.
[   37.571197] cloud-init[977]: ci-info: +-------+-------------+----------+---------------+-----------+-------+
[   37.857367]          cloud-initStarting iSCSI initiator daemon (iscsid)...[977]: 
ci-info: |   0   |   0.0.0.0   | 10.0.2.2 |    0.0.0.0    |   enp0s3  |   UG  |
[   38.004845] [cloud-init[0;32m  OK  [0m[977]: ] ci-info: |   1   |   10.0.2.0  | 0.0.0.0  | 255.255.255.0 |   enp0s3  |   U   |Started Daily apt download activities.

[[0;32m  OK  [0m] Started Daily apt upgrade and clean activities.
[[0;32m  OK  [0m] Reached target Timers.
[   38.006402] cloud-init[977]: ci-info: +-------+-------------+----------+---------------+-----------+-------+
[[0;32m  OK  [0m] Reached target Cloud-config availability.
[[0;32m  OK  [0m] Listening on LXD - unix socket.
[[0;32m  OK  [0m] Listening on Socket activation for snappy daemon.
[[0;32m  OK  [0m] Started iSCSI initiator daemon (iscsid).
         Starting Login to default iSCSI targets...
[[0;32m  OK  [0m] Reached target Sockets.
[[0;32m  OK  [0m] Reached target Basic System.
         Starting /etc/rc.local Compatibility...
         Starting Accounts Service...
[[0;32m  OK  [0m] Started Regular background program processing daemon.
         Starting Apply the settings specified in cloud-config...
[[0;32m  OK  [0m] Started FUSE filesystem for LXC.
[[0;32m  OK  [0m] Started Deferred execution scheduler.
[[0;32m  OK  [0m] Started D-Bus System Message Bus.
         Starting Login Service...
         Starting LSB: Record successful boot for GRUB...
         Starting OpenBSD Secure Shell server...
         Starting System Logging Service...
         Starting LSB: MD monitoring daemon...
[[0;32m  OK  [0m] Started Unattended Upgrades Shutdown.
         Starting Snappy daemon...
[[0;32m  OK  [0m] Started ACPI event daemon.
         Starting LXD - container startup/shutdown...
[[0;32m  OK  [0m] Started OpenBSD Secure Shell server.
[[0;32m  OK  [0m] Started System Logging Service.
[[0;32m  OK  [0m] Started Snappy daemon.
[[0;32m  OK  [0m] Started /etc/rc.local Compatibility.
[   39.574783] cloud-init[1048]: Cloud-init v. 17.1 running 'modules:config' at Thu, 29 Mar 2018 17:57:21 +0000. Up 39.33 seconds.
[[0;32m  OK  [0m] Started LXD - container startup/shutdown.
[[0;32m  OK  [0m] Started Apply the settings specified in cloud-config.
[[0;32m  OK  [0m] Started Login to default iSCSI targets.
[[0;32m  OK  [0m] Started LSB: Record successful boot for GRUB.
[[0;32m  OK  [0m] Started LSB: MD monitoring daemon.
         Starting Authenticate and Authorize Users to Run Privileged Tasks...
[[0;32m  OK  [0m] Reached target Remote File Systems (Pre).
[[0;32m  OK  [0m] Reached target Remote File Systems.
         Starting Permit User Sessions...
         Starting LSB: daemon to balance interrupts for SMP systems...
         Starting LSB: Set the CPU Frequency Scaling governor to "ondemand"...
         Starting LSB: VirtualBox Linux Additions...
         Starting LSB: automatic crash report generation...
[[0;32m  OK  [0m] Started Permit User Sessions.
[[0;32m  OK  [0m] Started Login Service.
[[0;32m  OK  [0m] Started Authenticate and Authorize Users to Run Privileged Tasks.
[[0;32m  OK  [0m] Started Accounts Service.
[[0;32m  OK  [0m] Started LSB: Set the CPU Frequency Scaling governor to "ondemand".
[[0;32m  OK  [0m] Started LSB: daemon to balance interrupts for SMP systems.
[[0;32m  OK  [0m] Started LSB: VirtualBox Linux Additions.
[[0;32m  OK  [0m] Created slice User Slice of vagrant.
[[0;32m  OK  [0m] Started Session 1 of user vagrant.
         Starting User Manager for UID 1000...
         Starting Hold until boot process finishes up...
         Starting Terminate Plymouth Boot Screen...
[[0;32m  OK  [0m] Started User Manager for UID 1000.
[[0;32m  OK  [0m] Started LSB: automatic crash report generation.
[[0;32m  OK  [0m] Started Hold until boot process finishes up.
[[0;32m  OK  [0m] Started Terminate Plymouth Boot Screen.
[[0;32m  OK  [0m] Started Getty on tty1.
[[0;32m  OK  [0m] Started Serial Getty on ttyS0.
[[0;32m  OK  [0m] Reached target Login Prompts.
         Starting Set console scheme...
[[0;32m  OK  [0m] Reached target Multi-User System.
         Starting Execute cloud user/final scripts...
[[0;32m  OK  [0m] Reached target Graphical Interface.
         Starting Update UTMP about System Runlevel Changes...
[[0;32m  OK  [0m] Started Set console scheme.
[[0;32m  OK  [0m] Started Update UTMP about System Runlevel Changes.
[   41.961984] cloud-init[1218]: Cloud-init v. 17.1 running 'modules:final' at Thu, 29 Mar 2018 17:57:24 +0000. Up 41.70 seconds.
[   42.037012] cloud-init[1218]: Cloud-init v. 17.1 finished at Thu, 29 Mar 2018 17:57:24 +0000. Datasource DataSourceNoCloud [seed=/dev/sdb][dsmode=net].  Up 41.95 seconds
[[0;32m  OK  [0m] Started Execute cloud user/final scripts.
[[0;32m  OK  [0m] Reached target Cloud-init target.

Ubuntu 16.04.3 LTS ubuntu-xenial ttyS0

ubuntu-xenial login: 